<?xml version="1.0" encoding="UTF-8"?>
<!-- Generated by org.testng.reporters.JUnitReportReporter -->
<testsuite hostname="del1-lhp-n82782" failures="0" tests="5" name="com.spotify.oauth2.tests.PlaylistTests" time="4.437" errors="0" timestamp="2023-08-15T00:44:13 IST" skipped="0">
  <testcase classname="com.spotify.oauth2.tests.PlaylistTests" name="ShouldBeAbleToCreatePlaylist_negative_scenario_namemissing" time="0.208"/>
  <system-out/>
  <testcase classname="com.spotify.oauth2.tests.PlaylistTests" name="UpdatePlaylist" time="0.345"/>
  <system-out/>
  <testcase classname="com.spotify.oauth2.tests.PlaylistTests" name="ShouldBeAbleToCreatePlaylist" time="0.515"/>
  <system-out/>
  <testcase classname="com.spotify.oauth2.tests.PlaylistTests" name="ShouldBeAbleToCreatePlaylist_negative_scenario_expiredtoken" time="0.180"/>
  <system-out/>
  <testcase classname="com.spotify.oauth2.tests.PlaylistTests" name="GetPlaylist" time="3.189"/>
  <system-out/>
</testsuite> <!-- com.spotify.oauth2.tests.PlaylistTests -->
