<?xml version="1.0" encoding="UTF-8"?>
<!-- Generated by org.testng.reporters.JUnitReportReporter -->
<testsuite hostname="LAPTOP-5S2C237C" failures="0" tests="1" name="com.spotify.oauth2.tests.ArtistTests" time="4.986" errors="0" timestamp="2024-06-21T22:19:10 IST" skipped="0">
  <testcase classname="com.spotify.oauth2.tests.ArtistTests" name="getSeveralArtists" time="4.986"/>
  <system-out/>
</testsuite> <!-- com.spotify.oauth2.tests.ArtistTests -->
