<?xml version="1.0" encoding="UTF-8"?>
<!-- Generated by org.testng.reporters.JUnitReportReporter -->
<testsuite hostname="del1-lhp-n82782" failures="0" tests="1" name="spotify.oauth2.tests.PlaylistTests" time="0.870" errors="0" timestamp="2023-08-09T10:09:13 IST" skipped="0">
  <testcase classname="spotify.oauth2.tests.PlaylistTests" name="update" time="0.870"/>
  <system-out/>
</testsuite> <!-- spotify.oauth2.tests.PlaylistTests -->
