<?xml version="1.0" encoding="UTF-8"?>
<!-- Generated by org.testng.reporters.JUnitReportReporter -->
<testsuite hostname="LAPTOP-5S2C237C" failures="0" tests="1" name="com.spotify.oauth2.tests.AlbumsTests" time="3.339" errors="0" timestamp="2024-04-27T21:46:24 IST" skipped="0">
  <testcase classname="com.spotify.oauth2.tests.AlbumsTests" name="getAlbum" time="3.339"/>
  <system-out/>
</testsuite> <!-- com.spotify.oauth2.tests.AlbumsTests -->
