<?xml version="1.0" encoding="UTF-8"?>
<!-- Generated by org.testng.reporters.JUnitReportReporter -->
<testsuite hostname="del1-lhp-n82782" failures="0" tests="1" name="spotify.oauth2.tests.PlaylistTests" time="1.216" errors="0" timestamp="2023-08-08T23:04:43 IST" skipped="0">
  <testcase classname="spotify.oauth2.tests.PlaylistTests" name="ShouldBeAbleToCreatePlaylist_negative_scenario_expiredtoken" time="1.216"/>
  <system-out/>
</testsuite> <!-- spotify.oauth2.tests.PlaylistTests -->
