<?xml version="1.0" encoding="UTF-8"?>
<!-- Generated by org.testng.reporters.JUnitReportReporter -->
<testsuite hostname="LAPTOP-5S2C237C" failures="0" tests="5" name="com.spotify.oauth2.tests.PlaylistTests" time="24.911" errors="0" timestamp="2024-04-14T18:39:56 IST" skipped="0">
  <testcase classname="com.spotify.oauth2.tests.PlaylistTests" name="ShouldBeAbleToCreatePlaylist_negative_scenario_expiredtoken" time="4.001"/>
  <system-out/>
  <testcase classname="com.spotify.oauth2.tests.PlaylistTests" name="GetPlaylist" time="5.216"/>
  <system-out/>
  <testcase classname="com.spotify.oauth2.tests.PlaylistTests" name="UpdatePlaylist" time="5.278"/>
  <system-out/>
  <testcase classname="com.spotify.oauth2.tests.PlaylistTests" name="ShouldBeAbleToCreatePlaylist_negative_scenario_namemissing" time="5.146"/>
  <system-out/>
  <testcase classname="com.spotify.oauth2.tests.PlaylistTests" name="ShouldBeAbleToCreatePlaylist" time="5.270"/>
  <system-out/>
</testsuite> <!-- com.spotify.oauth2.tests.PlaylistTests -->
