<?xml version="1.0" encoding="UTF-8"?>
<!-- Generated by org.testng.reporters.JUnitReportReporter -->
<testsuite hostname="del1-lhp-n82782" failures="0" tests="5" name="com.spotify.oauth2.tests.PlaylistTests" time="14.218" errors="0" timestamp="2023-08-15T00:14:26 IST" skipped="0">
  <testcase classname="com.spotify.oauth2.tests.PlaylistTests" name="UpdatePlaylist" time="3.019"/>
  <system-out/>
  <testcase classname="com.spotify.oauth2.tests.PlaylistTests" name="ShouldBeAbleToCreatePlaylist_negative_scenario_expiredtoken" time="2.219"/>
  <system-out/>
  <testcase classname="com.spotify.oauth2.tests.PlaylistTests" name="ShouldBeAbleToCreatePlaylist_negative_scenario_namemissing" time="2.919"/>
  <system-out/>
  <testcase classname="com.spotify.oauth2.tests.PlaylistTests" name="GetPlaylist" time="2.971"/>
  <system-out/>
  <testcase classname="com.spotify.oauth2.tests.PlaylistTests" name="ShouldBeAbleToCreatePlaylist" time="3.090"/>
  <system-out/>
</testsuite> <!-- com.spotify.oauth2.tests.PlaylistTests -->
